09/12/2021 - 17:23:35: >UNCROUCHED< 
09/12/2021 - 17:23:35: [STAND] 
09/12/2021 - 17:23:35: [SHOOT] 
09/12/2021 - 17:25:56: 111 > [68 u/s] VEL: 429.504943, OFFS: 0.000000
09/12/2021 - 17:25:57: [STAND] 
09/12/2021 - 17:25:57: [FORWARD] 
09/12/2021 - 17:25:57: [SHOOT] 
09/12/2021 - 17:28:17: 72 > [347 u/s] VEL: 405.110046, OFFS: 0.000000
09/12/2021 - 17:28:17: 8 > [371 u/s] VEL: 392.112274, OFFS: 0.000000
09/12/2021 - 17:28:17: 26 > [321 u/s] VEL: 416.235290, OFFS: 0.000000
09/12/2021 - 17:28:17: 5 > [293 u/s] VEL: 424.732177, OFFS: 0.000000
09/12/2021 - 17:28:19: [STAND] 
09/12/2021 - 17:28:19: [BACK] 
09/12/2021 - 17:28:19: [SHOOT] 
09/12/2021 - 17:30:39: 73 > [290 u/s] VEL: 418.827362, OFFS: 0.000000
09/12/2021 - 17:30:39: 7 > [314 u/s] VEL: 409.479034, OFFS: 0.000000
09/12/2021 - 17:30:39: 29 > [264 u/s] VEL: 425.841766, OFFS: 0.000000
09/12/2021 - 17:30:39: 2 > [238 u/s] VEL: 429.666473, OFFS: 0.000000
09/12/2021 - 17:30:41: [STAND] 
09/12/2021 - 17:30:41: [LEFT] 
09/12/2021 - 17:30:41: [SHOOT] 
09/12/2021 - 17:33:01: 72 > [385 u/s] VEL: 388.863159, OFFS: 0.000000
09/12/2021 - 17:33:01: 31 > [361 u/s] VEL: 403.760559, OFFS: 0.000000
09/12/2021 - 17:33:01: 7 > [406 u/s] VEL: 373.119598, OFFS: 0.000000
09/12/2021 - 17:33:01: 1 > [335 u/s] VEL: 417.439331, OFFS: 0.000000
09/12/2021 - 17:33:02: [STAND] 
09/12/2021 - 17:33:02: [RIGHT] 
09/12/2021 - 17:33:02: [SHOOT] 
09/12/2021 - 17:35:23: 61 > [266 u/s] VEL: 442.259979, OFFS: 0.000000
09/12/2021 - 17:35:23: 37 > [234 u/s] VEL: 445.778900, OFFS: 0.000000
09/12/2021 - 17:35:23: 10 > [297 u/s] VEL: 433.208282, OFFS: 0.000000
09/12/2021 - 17:35:23: 3 > [203 u/s] VEL: 439.477081, OFFS: 0.000000
09/12/2021 - 17:35:24: [STAND] 
09/12/2021 - 17:35:24: [FORWARD] 
09/12/2021 - 17:35:24: [LEFT] 
09/12/2021 - 17:35:24: [SHOOT] 
09/12/2021 - 17:37:45: 72 > [379 u/s] VEL: 391.511291, OFFS: 0.000000
09/12/2021 - 17:37:45: 7 > [400 u/s] VEL: 376.209014, OFFS: 0.000000
09/12/2021 - 17:37:45: 1 > [328 u/s] VEL: 418.646667, OFFS: 0.000000
09/12/2021 - 17:37:45: 31 > [355 u/s] VEL: 405.800903, OFFS: 0.000000
09/12/2021 - 17:37:46: [STAND] 
09/12/2021 - 17:37:46: [FORWARD] 
09/12/2021 - 17:37:46: [RIGHT] 
09/12/2021 - 17:37:46: [SHOOT] 
09/12/2021 - 17:40:07: 77 > [300 u/s] VEL: 425.028961, OFFS: 0.000000
09/12/2021 - 17:40:07: 24 > [271 u/s] VEL: 431.533050, OFFS: 0.000000
09/12/2021 - 17:40:07: 6 > [328 u/s] VEL: 415.209472, OFFS: 0.000000
09/12/2021 - 17:40:07: 4 > [241 u/s] VEL: 433.231750, OFFS: 0.000000
09/12/2021 - 17:40:08: [STAND] 
09/12/2021 - 17:40:08: [BACK] 
09/12/2021 - 17:40:08: [LEFT] 
09/12/2021 - 17:40:08: [SHOOT] 
09/12/2021 - 17:42:29: 60 > [364 u/s] VEL: 397.972442, OFFS: 0.000000
09/12/2021 - 17:42:29: 38 > [339 u/s] VEL: 410.766113, OFFS: 0.000000
09/12/2021 - 17:42:29: 7 > [386 u/s] VEL: 383.760162, OFFS: 0.000000
09/12/2021 - 17:42:29: 6 > [311 u/s] VEL: 421.562042, OFFS: 0.000000
09/12/2021 - 17:42:30: [STAND] 
09/12/2021 - 17:42:30: [BACK] 
09/12/2021 - 17:42:30: [RIGHT] 
09/12/2021 - 17:42:30: [SHOOT] 
09/12/2021 - 17:44:51: 40 > [246 u/s] VEL: 440.122528, OFFS: 0.000000
09/12/2021 - 17:44:51: 63 > [277 u/s] VEL: 435.866760, OFFS: 0.000000
09/12/2021 - 17:44:51: 7 > [307 u/s] VEL: 427.096954, OFFS: 0.000000
09/12/2021 - 17:44:51: 1 > [215 u/s] VEL: 437.424560, OFFS: 0.000000
09/12/2021 - 17:44:53: >CROUCHED< 
09/12/2021 - 17:44:53: [CROUCH] 
09/12/2021 - 17:44:53: [SHOOT] 
09/12/2021 - 17:47:14: 111 > [179 u/s] VEL: 612.280639, OFFS: 0.000000
09/12/2021 - 17:47:15: [CROUCH] 
09/12/2021 - 17:47:15: [FORWARD] 
09/12/2021 - 17:47:15: [SHOOT] 
09/12/2021 - 17:49:37: 12 > [126 u/s] VEL: 623.125061, OFFS: 0.000000
09/12/2021 - 17:49:37: 60 > [126 u/s] VEL: 623.125183, OFFS: 0.000000
09/12/2021 - 17:49:37: 34 > [125 u/s] VEL: 618.018554, OFFS: 0.000000
09/12/2021 - 17:49:37: 2 > [124 u/s] VEL: 612.280761, OFFS: 0.000000
09/12/2021 - 17:49:37: 1 > [124 u/s] VEL: 612.280822, OFFS: 0.000000
09/12/2021 - 17:49:37: 2 > [127 u/s] VEL: 627.524169, OFFS: 0.000000
09/12/2021 - 17:49:38: [CROUCH] 
09/12/2021 - 17:49:38: [BACK] 
09/12/2021 - 17:49:38: [SHOOT] 
09/12/2021 - 17:51:59: 1 > [273 u/s] VEL: 599.184631, OFFS: 0.000000
09/12/2021 - 17:51:59: 71 > [273 u/s] VEL: 599.184448, OFFS: 0.000000
09/12/2021 - 17:51:59: 34 > [259 u/s] VEL: 605.981567, OFFS: 0.000000
09/12/2021 - 17:51:59: 3 > [286 u/s] VEL: 591.947814, OFFS: 0.000000
09/12/2021 - 17:51:59: 2 > [245 u/s] VEL: 612.280700, OFFS: 0.000000
09/12/2021 - 17:52:01: [CROUCH] 
09/12/2021 - 17:52:01: [LEFT] 
09/12/2021 - 17:52:01: [SHOOT] 
09/12/2021 - 17:54:22: 2 > [268 u/s] VEL: 600.183715, OFFS: 0.000000
09/12/2021 - 17:54:22: 63 > [268 u/s] VEL: 600.183654, OFFS: 0.000000
09/12/2021 - 17:54:22: 41 > [254 u/s] VEL: 606.503662, OFFS: 0.000000
09/12/2021 - 17:54:22: 1 > [241 u/s] VEL: 612.280639, OFFS: 0.000000
09/12/2021 - 17:54:22: 4 > [282 u/s] VEL: 593.381469, OFFS: 0.000000
09/12/2021 - 17:54:23: [CROUCH] 
09/12/2021 - 17:54:23: [RIGHT] 
09/12/2021 - 17:54:23: [SHOOT] 
09/12/2021 - 17:56:45: 1 > [138 u/s] VEL: 621.940795, OFFS: 0.000000
09/12/2021 - 17:56:45: 63 > [138 u/s] VEL: 621.940856, OFFS: 0.000000
09/12/2021 - 17:56:45: 37 > [137 u/s] VEL: 617.449707, OFFS: 0.000000
09/12/2021 - 17:56:45: 5 > [139 u/s] VEL: 625.680664, OFFS: 0.000000
09/12/2021 - 17:56:45: 5 > [136 u/s] VEL: 612.280700, OFFS: 0.000000
09/12/2021 - 17:56:46: [CROUCH] 
09/12/2021 - 17:56:46: [FORWARD] 
09/12/2021 - 17:56:46: [LEFT] 
09/12/2021 - 17:56:46: [SHOOT] 
09/12/2021 - 17:59:08: 1 > [209 u/s] VEL: 611.391357, OFFS: 0.000000
09/12/2021 - 17:59:08: 66 > [209 u/s] VEL: 611.391235, OFFS: 0.000000
09/12/2021 - 17:59:08: 39 > [200 u/s] VEL: 612.250427, OFFS: 0.000000
09/12/2021 - 17:59:08: 3 > [219 u/s] VEL: 609.718872, OFFS: 0.000000
09/12/2021 - 17:59:08: 2 > [193 u/s] VEL: 612.280639, OFFS: 0.000000
09/12/2021 - 17:59:09: [CROUCH] 
09/12/2021 - 17:59:09: [FORWARD] 
09/12/2021 - 17:59:09: [RIGHT] 
09/12/2021 - 17:59:09: [SHOOT] 
09/12/2021 - 18:01:31: 75 > [31 u/s] VEL: 627.835815, OFFS: 0.000000
09/12/2021 - 18:01:31: 34 > [31 u/s] VEL: 620.246826, OFFS: 0.000000
09/12/2021 - 18:01:31: 1 > [31 u/s] VEL: 612.280639, OFFS: 0.000000
09/12/2021 - 18:01:31: 1 > [31 u/s] VEL: 635.008850, OFFS: 0.000000
09/12/2021 - 18:01:32: [CROUCH] 
09/12/2021 - 18:01:32: [BACK] 
09/12/2021 - 18:01:32: [LEFT] 
09/12/2021 - 18:01:32: [SHOOT] 
09/12/2021 - 18:03:54: 1 > [275 u/s] VEL: 603.976806, OFFS: 0.000000
09/12/2021 - 18:03:54: 77 > [290 u/s] VEL: 595.373779, OFFS: 0.000000
09/12/2021 - 18:03:54: 30 > [275 u/s] VEL: 603.976745, OFFS: 0.000000
09/12/2021 - 18:03:54: 1 > [259 u/s] VEL: 612.280639, OFFS: 0.000000
09/12/2021 - 18:03:54: 2 > [305 u/s] VEL: 586.510559, OFFS: 0.000000
09/12/2021 - 18:03:55: [CROUCH] 
09/12/2021 - 18:03:55: [BACK] 
09/12/2021 - 18:03:55: [RIGHT] 
09/12/2021 - 18:03:55: [SHOOT] 
09/12/2021 - 18:06:17: 1 > [208 u/s] VEL: 611.481750, OFFS: 0.000000
09/12/2021 - 18:06:17: 73 > [218 u/s] VEL: 609.867736, OFFS: 0.000000
09/12/2021 - 18:06:17: 33 > [208 u/s] VEL: 611.481689, OFFS: 0.000000
09/12/2021 - 18:06:17: 4 > [200 u/s] VEL: 612.280639, OFFS: 0.000000
09/12/2021 - 18:06:18: >JDS< 
09/12/2021 - 18:06:18: [STAND] 
09/12/2021 - 18:06:18: [JDS] 
09/12/2021 - 18:08:44: 77 > [71 u/s] VEL: 923.230407, OFFS: 35.899993
09/12/2021 - 18:08:44: 32 > [76 u/s] VEL: 946.746337, OFFS: 32.195007
09/12/2021 - 18:08:44: 1 > [67 u/s] VEL: 900.153259, OFFS: 39.424987
09/12/2021 - 18:08:44: 1 > [82 u/s] VEL: 970.640502, OFFS: 28.309997
09/12/2021 - 18:08:46: [STAND] 
09/12/2021 - 18:08:46: [FORWARD] 
09/12/2021 - 18:08:46: [JDS] 
09/12/2021 - 18:11:12: 32 > [332 u/s] VEL: 938.016723, OFFS: 32.195007
09/12/2021 - 18:11:12: 75 > [356 u/s] VEL: 907.698364, OFFS: 35.899993
09/12/2021 - 18:11:12: 1 > [304 u/s] VEL: 967.352478, OFFS: 28.309997
09/12/2021 - 18:11:12: 3 > [376 u/s] VEL: 876.943908, OFFS: 39.424987
09/12/2021 - 18:11:13: [STAND] 
09/12/2021 - 18:11:13: [BACK] 
09/12/2021 - 18:11:13: [JDS] 
09/12/2021 - 18:13:40: 81 > [295 u/s] VEL: 916.801391, OFFS: 35.899993
09/12/2021 - 18:13:40: 25 > [272 u/s] VEL: 944.367858, OFFS: 32.195007
09/12/2021 - 18:13:40: 2 > [316 u/s] VEL: 888.565490, OFFS: 39.424987
09/12/2021 - 18:13:40: 3 > [245 u/s] VEL: 970.679626, OFFS: 28.309997
09/12/2021 - 18:13:41: [STAND] 
09/12/2021 - 18:13:41: [LEFT] 
09/12/2021 - 18:13:41: [JDS] 
09/12/2021 - 18:16:07: 36 > [380 u/s] VEL: 928.197937, OFFS: 32.195007
09/12/2021 - 18:16:07: 70 > [400 u/s] VEL: 894.896728, OFFS: 35.899993
09/12/2021 - 18:16:07: 5 > [417 u/s] VEL: 861.947875, OFFS: 39.424987
09/12/2021 - 18:16:08: [STAND] 
09/12/2021 - 18:16:08: [RIGHT] 
09/12/2021 - 18:16:08: [JDS] 
09/12/2021 - 18:18:35: 86 > [267 u/s] VEL: 928.724548, OFFS: 35.899993
09/12/2021 - 18:18:35: 22 > [234 u/s] VEL: 953.932678, OFFS: 32.195007
09/12/2021 - 18:18:35: 3 > [296 u/s] VEL: 901.804870, OFFS: 39.424987
09/12/2021 - 18:18:36: [STAND] 
09/12/2021 - 18:18:36: [FORWARD] 
09/12/2021 - 18:18:36: [LEFT] 
09/12/2021 - 18:18:36: [JDS] 
09/12/2021 - 18:21:02: 34 > [372 u/s] VEL: 929.943237, OFFS: 32.195007
09/12/2021 - 18:21:02: 64 > [393 u/s] VEL: 897.163146, OFFS: 35.899993
09/12/2021 - 18:21:02: 4 > [347 u/s] VEL: 962.656982, OFFS: 28.309997
09/12/2021 - 18:21:02: 9 > [410 u/s] VEL: 864.595275, OFFS: 39.424987
09/12/2021 - 18:21:04: [STAND] 
09/12/2021 - 18:21:04: [FORWARD] 
09/12/2021 - 18:21:04: [RIGHT] 
09/12/2021 - 18:21:04: [JDS] 
09/12/2021 - 18:23:30: 31 > [275 u/s] VEL: 947.996704, OFFS: 32.195007
09/12/2021 - 18:23:30: 74 > [303 u/s] VEL: 920.841674, OFFS: 35.899993
09/12/2021 - 18:23:30: 4 > [328 u/s] VEL: 892.449951, OFFS: 39.424987
09/12/2021 - 18:23:30: 2 > [242 u/s] VEL: 973.078552, OFFS: 28.309997
09/12/2021 - 18:23:31: [STAND] 
09/12/2021 - 18:23:31: [BACK] 
09/12/2021 - 18:23:31: [LEFT] 
09/12/2021 - 18:23:31: [JDS] 
09/12/2021 - 18:25:57: 87 > [376 u/s] VEL: 902.045532, OFFS: 35.899993
09/12/2021 - 18:25:57: 22 > [354 u/s] VEL: 933.692871, OFFS: 32.195007
09/12/2021 - 18:25:57: 2 > [395 u/s] VEL: 870.309326, OFFS: 39.424987
09/12/2021 - 18:25:59: [STAND] 
09/12/2021 - 18:25:59: [BACK] 
09/12/2021 - 18:25:59: [RIGHT] 
09/12/2021 - 18:25:59: [JDS] 
09/12/2021 - 18:28:25: 23 > [248 u/s] VEL: 952.018920, OFFS: 32.195007
09/12/2021 - 18:28:25: 86 > [279 u/s] VEL: 926.177551, OFFS: 35.899993
09/12/2021 - 18:28:25: 2 > [307 u/s] VEL: 898.777770, OFFS: 39.424987
09/12/2021 - 18:28:27: >JS< 
09/12/2021 - 18:28:27: [STAND] 
09/12/2021 - 18:28:27: [JS] 
09/12/2021 - 18:30:51: 76 > [60 u/s] VEL: 734.303955, OFFS: 15.540008
09/12/2021 - 18:30:51: 31 > [65 u/s] VEL: 752.631591, OFFS: 11.925018
09/12/2021 - 18:30:51: 3 > [57 u/s] VEL: 715.829345, OFFS: 18.975006
09/12/2021 - 18:30:51: 1 > [70 u/s] VEL: 770.327514, OFFS: 8.130004
09/12/2021 - 18:30:52: [STAND] 
09/12/2021 - 18:30:52: [FORWARD] 
09/12/2021 - 18:30:52: [JS] 
09/12/2021 - 18:33:16: 2 > [293 u/s] VEL: 766.040771, OFFS: 8.130004
09/12/2021 - 18:33:16: 67 > [336 u/s] VEL: 716.866271, OFFS: 15.540008
09/12/2021 - 18:33:16: 40 > [317 u/s] VEL: 742.170288, OFFS: 11.925018
09/12/2021 - 18:33:16: 2 > [353 u/s] VEL: 691.016662, OFFS: 18.975006
09/12/2021 - 18:33:17: [STAND] 
09/12/2021 - 18:33:17: [BACK] 
09/12/2021 - 18:33:17: [JS] 
09/12/2021 - 18:35:41: 35 > [262 u/s] VEL: 749.695800, OFFS: 11.925018
09/12/2021 - 18:35:41: 73 > [282 u/s] VEL: 726.880493, OFFS: 15.540008
09/12/2021 - 18:35:41: 3 > [299 u/s] VEL: 703.117797, OFFS: 18.975006
09/12/2021 - 18:35:43: [STAND] 
09/12/2021 - 18:35:43: [LEFT] 
09/12/2021 - 18:35:43: [JS] 
09/12/2021 - 18:38:06: 43 > [357 u/s] VEL: 731.239379, OFFS: 11.925018
09/12/2021 - 18:38:06: 65 > [373 u/s] VEL: 703.528076, OFFS: 15.540008
09/12/2021 - 18:38:06: 3 > [386 u/s] VEL: 676.122558, OFFS: 18.975006
09/12/2021 - 18:38:08: [STAND] 
09/12/2021 - 18:38:08: [RIGHT] 
09/12/2021 - 18:38:08: [JS] 
09/12/2021 - 18:40:32: 33 > [235 u/s] VEL: 762.091857, OFFS: 11.925018
09/12/2021 - 18:40:32: 78 > [263 u/s] VEL: 740.973022, OFFS: 15.540008
09/12/2021 - 18:40:34: [STAND] 
09/12/2021 - 18:40:34: [FORWARD] 
09/12/2021 - 18:40:34: [LEFT] 
09/12/2021 - 18:40:34: [JS] 
09/12/2021 - 18:42:57: 78 > [367 u/s] VEL: 705.836791, OFFS: 15.540008
09/12/2021 - 18:42:57: 33 > [350 u/s] VEL: 733.131713, OFFS: 11.925018
09/12/2021 - 18:42:59: [STAND] 
09/12/2021 - 18:42:59: [FORWARD] 
09/12/2021 - 18:42:59: [RIGHT] 
09/12/2021 - 18:42:59: [JS] 
09/12/2021 - 18:45:22: 74 > [293 u/s] VEL: 731.500488, OFFS: 15.540008
09/12/2021 - 18:45:22: 37 > [269 u/s] VEL: 754.207397, OFFS: 11.925018
09/12/2021 - 18:45:24: [STAND] 
09/12/2021 - 18:45:24: [BACK] 
09/12/2021 - 18:45:24: [LEFT] 
09/12/2021 - 18:45:24: [JS] 
09/12/2021 - 18:47:47: 74 > [353 u/s] VEL: 710.891113, OFFS: 15.540008
09/12/2021 - 18:47:47: 37 > [335 u/s] VEL: 737.273254, OFFS: 11.925018
09/12/2021 - 18:47:49: [STAND] 
09/12/2021 - 18:47:49: [BACK] 
09/12/2021 - 18:47:49: [RIGHT] 
09/12/2021 - 18:47:49: [JS] 
09/12/2021 - 18:50:13: 80 > [273 u/s] VEL: 737.842285, OFFS: 15.540008
09/12/2021 - 18:50:13: 31 > [246 u/s] VEL: 759.472412, OFFS: 11.925018
