09/12/2021 - 15:57:18: >UNCROUCHED< 
09/12/2021 - 15:57:18: [STAND] 
09/12/2021 - 15:57:18: [SHOOT] 
09/12/2021 - 15:59:38: 111 > [15 u/s] VEL: 445.986602, OFFS: 0.000000
09/12/2021 - 15:59:39: [STAND] 
09/12/2021 - 15:59:39: [FORWARD] 
09/12/2021 - 15:59:39: [SHOOT] 
09/12/2021 - 16:01:59: 5 > [286 u/s] VEL: 437.393524, OFFS: 0.000000
09/12/2021 - 16:01:59: 64 > [343 u/s] VEL: 413.769622, OFFS: 0.000000
09/12/2021 - 16:01:59: 35 > [316 u/s] VEL: 426.488433, OFFS: 0.000000
09/12/2021 - 16:01:59: 7 > [369 u/s] VEL: 399.600616, OFFS: 0.000000
09/12/2021 - 16:02:00: [STAND] 
09/12/2021 - 16:02:00: [BACK] 
09/12/2021 - 16:02:00: [SHOOT] 
09/12/2021 - 16:04:20: 58 > [284 u/s] VEL: 429.626953, OFFS: 0.000000
09/12/2021 - 16:04:20: 38 > [257 u/s] VEL: 439.039428, OFFS: 0.000000
09/12/2021 - 16:04:20: 6 > [229 u/s] VEL: 446.457794, OFFS: 0.000000
09/12/2021 - 16:04:20: 9 > [309 u/s] VEL: 418.664245, OFFS: 0.000000
09/12/2021 - 16:04:21: [STAND] 
09/12/2021 - 16:04:21: [LEFT] 
09/12/2021 - 16:04:21: [SHOOT] 
09/12/2021 - 16:06:41: 71 > [330 u/s] VEL: 419.643859, OFFS: 0.000000
09/12/2021 - 16:06:41: 36 > [302 u/s] VEL: 431.388580, OFFS: 0.000000
09/12/2021 - 16:06:41: 2 > [357 u/s] VEL: 406.213989, OFFS: 0.000000
09/12/2021 - 16:06:41: 2 > [272 u/s] VEL: 440.921691, OFFS: 0.000000
09/12/2021 - 16:06:42: [STAND] 
09/12/2021 - 16:06:42: [RIGHT] 
09/12/2021 - 16:06:42: [SHOOT] 
09/12/2021 - 16:09:02: 66 > [330 u/s] VEL: 419.643859, OFFS: 0.000000
09/12/2021 - 16:09:02: 40 > [302 u/s] VEL: 431.388580, OFFS: 0.000000
09/12/2021 - 16:09:02: 4 > [357 u/s] VEL: 406.213989, OFFS: 0.000000
09/12/2021 - 16:09:02: 1 > [272 u/s] VEL: 440.921691, OFFS: 0.000000
09/12/2021 - 16:09:03: [STAND] 
09/12/2021 - 16:09:03: [FORWARD] 
09/12/2021 - 16:09:03: [LEFT] 
09/12/2021 - 16:09:03: [SHOOT] 
09/12/2021 - 16:11:23: 38 > [312 u/s] VEL: 427.866180, OFFS: 0.000000
09/12/2021 - 16:11:23: 60 > [340 u/s] VEL: 415.439941, OFFS: 0.000000
09/12/2021 - 16:11:23: 11 > [365 u/s] VEL: 401.490417, OFFS: 0.000000
09/12/2021 - 16:11:23: 2 > [282 u/s] VEL: 438.359558, OFFS: 0.000000
09/12/2021 - 16:11:24: [STAND] 
09/12/2021 - 16:11:24: [FORWARD] 
09/12/2021 - 16:11:24: [RIGHT] 
09/12/2021 - 16:11:24: [SHOOT] 
09/12/2021 - 16:13:43: 70 > [340 u/s] VEL: 415.439941, OFFS: 0.000000
09/12/2021 - 16:13:43: 2 > [282 u/s] VEL: 438.359558, OFFS: 0.000000
09/12/2021 - 16:13:43: 37 > [312 u/s] VEL: 427.866180, OFFS: 0.000000
09/12/2021 - 16:13:43: 2 > [365 u/s] VEL: 401.490417, OFFS: 0.000000
09/12/2021 - 16:13:45: [STAND] 
09/12/2021 - 16:13:45: [BACK] 
09/12/2021 - 16:13:45: [LEFT] 
09/12/2021 - 16:13:45: [SHOOT] 
09/12/2021 - 16:16:04: 65 > [321 u/s] VEL: 424.150573, OFFS: 0.000000
09/12/2021 - 16:16:04: 37 > [292 u/s] VEL: 435.301727, OFFS: 0.000000
09/12/2021 - 16:16:04: 7 > [348 u/s] VEL: 411.204376, OFFS: 0.000000
09/12/2021 - 16:16:04: 2 > [261 u/s] VEL: 444.069610, OFFS: 0.000000
09/12/2021 - 16:16:06: [STAND] 
09/12/2021 - 16:16:06: [BACK] 
09/12/2021 - 16:16:06: [RIGHT] 
09/12/2021 - 16:16:06: [SHOOT] 
09/12/2021 - 16:18:25: 56 > [321 u/s] VEL: 424.150573, OFFS: 0.000000
09/12/2021 - 16:18:25: 41 > [292 u/s] VEL: 435.301727, OFFS: 0.000000
09/12/2021 - 16:18:25: 4 > [261 u/s] VEL: 444.069610, OFFS: 0.000000
09/12/2021 - 16:18:25: 10 > [348 u/s] VEL: 411.204376, OFFS: 0.000000
09/12/2021 - 16:18:27: >CROUCHED< 
09/12/2021 - 16:18:27: [CROUCH] 
09/12/2021 - 16:18:27: [SHOOT] 
09/12/2021 - 16:20:47: 111 > [137 u/s] VEL: 631.863647, OFFS: 0.000000
09/12/2021 - 16:20:49: [CROUCH] 
09/12/2021 - 16:20:49: [FORWARD] 
09/12/2021 - 16:20:49: [SHOOT] 
09/12/2021 - 16:23:10: 7 > [30 u/s] VEL: 631.863647, OFFS: 0.000000
09/12/2021 - 16:23:10: 62 > [30 u/s] VEL: 645.275146, OFFS: 0.000000
09/12/2021 - 16:23:10: 31 > [30 u/s] VEL: 638.805725, OFFS: 0.000000
09/12/2021 - 16:23:10: 8 > [30 u/s] VEL: 645.275085, OFFS: 0.000000
09/12/2021 - 16:23:10: 3 > [30 u/s] VEL: 651.233398, OFFS: 0.000000
09/12/2021 - 16:23:11: [CROUCH] 
09/12/2021 - 16:23:11: [BACK] 
09/12/2021 - 16:23:11: [SHOOT] 
09/12/2021 - 16:25:32: 1 > [251 u/s] VEL: 616.712768, OFFS: 0.000000
09/12/2021 - 16:25:32: 30 > [234 u/s] VEL: 624.486633, OFFS: 0.000000
09/12/2021 - 16:25:32: 64 > [251 u/s] VEL: 616.712707, OFFS: 0.000000
09/12/2021 - 16:25:32: 10 > [267 u/s] VEL: 608.580505, OFFS: 0.000000
09/12/2021 - 16:25:32: 6 > [217 u/s] VEL: 631.863647, OFFS: 0.000000
09/12/2021 - 16:25:33: [CROUCH] 
09/12/2021 - 16:25:33: [LEFT] 
09/12/2021 - 16:25:33: [SHOOT] 
09/12/2021 - 16:27:54: 75 > [180 u/s] VEL: 629.907104, OFFS: 0.000000
09/12/2021 - 16:27:54: 29 > [169 u/s] VEL: 631.370727, OFFS: 0.000000
09/12/2021 - 16:27:54: 4 > [159 u/s] VEL: 631.863647, OFFS: 0.000000
09/12/2021 - 16:27:54: 3 > [193 u/s] VEL: 627.515075, OFFS: 0.000000
09/12/2021 - 16:27:55: [CROUCH] 
09/12/2021 - 16:27:55: [RIGHT] 
09/12/2021 - 16:27:55: [SHOOT] 
09/12/2021 - 16:30:16: 1 > [193 u/s] VEL: 627.515136, OFFS: 0.000000
09/12/2021 - 16:30:16: 6 > [193 u/s] VEL: 627.515075, OFFS: 0.000000
09/12/2021 - 16:30:16: 36 > [169 u/s] VEL: 631.370727, OFFS: 0.000000
09/12/2021 - 16:30:16: 66 > [180 u/s] VEL: 629.907104, OFFS: 0.000000
09/12/2021 - 16:30:16: 2 > [159 u/s] VEL: 631.863647, OFFS: 0.000000
09/12/2021 - 16:30:17: [CROUCH] 
09/12/2021 - 16:30:17: [FORWARD] 
09/12/2021 - 16:30:17: [LEFT] 
09/12/2021 - 16:30:17: [SHOOT] 
09/12/2021 - 16:32:38: 70 > [102 u/s] VEL: 640.437683, OFFS: 0.000000
09/12/2021 - 16:32:38: 34 > [102 u/s] VEL: 636.558410, OFFS: 0.000000
09/12/2021 - 16:32:38: 6 > [106 u/s] VEL: 643.385192, OFFS: 0.000000
09/12/2021 - 16:32:38: 1 > [101 u/s] VEL: 631.863647, OFFS: 0.000000
09/12/2021 - 16:32:39: [CROUCH] 
09/12/2021 - 16:32:39: [FORWARD] 
09/12/2021 - 16:32:39: [RIGHT] 
09/12/2021 - 16:32:39: [SHOOT] 
09/12/2021 - 16:35:00: 63 > [102 u/s] VEL: 640.437683, OFFS: 0.000000
09/12/2021 - 16:35:00: 37 > [102 u/s] VEL: 636.558410, OFFS: 0.000000
09/12/2021 - 16:35:00: 6 > [106 u/s] VEL: 643.385192, OFFS: 0.000000
09/12/2021 - 16:35:00: 5 > [101 u/s] VEL: 631.863647, OFFS: 0.000000
09/12/2021 - 16:35:01: [CROUCH] 
09/12/2021 - 16:35:01: [BACK] 
09/12/2021 - 16:35:01: [LEFT] 
09/12/2021 - 16:35:01: [SHOOT] 
09/12/2021 - 16:37:22: 37 > [217 u/s] VEL: 626.455749, OFFS: 0.000000
09/12/2021 - 16:37:22: 70 > [233 u/s] VEL: 620.422180, OFFS: 0.000000
09/12/2021 - 16:37:22: 2 > [202 u/s] VEL: 631.863647, OFFS: 0.000000
09/12/2021 - 16:37:22: 2 > [248 u/s] VEL: 613.837158, OFFS: 0.000000
09/12/2021 - 16:37:24: [CROUCH] 
09/12/2021 - 16:37:24: [BACK] 
09/12/2021 - 16:37:24: [RIGHT] 
09/12/2021 - 16:37:24: [SHOOT] 
09/12/2021 - 16:39:44: 73 > [233 u/s] VEL: 620.422180, OFFS: 0.000000
09/12/2021 - 16:39:44: 31 > [217 u/s] VEL: 626.455749, OFFS: 0.000000
09/12/2021 - 16:39:44: 3 > [202 u/s] VEL: 631.863647, OFFS: 0.000000
09/12/2021 - 16:39:44: 4 > [248 u/s] VEL: 613.837158, OFFS: 0.000000
09/12/2021 - 16:39:46: >JDS< 
09/12/2021 - 16:39:46: [STAND] 
09/12/2021 - 16:39:46: [JDS] 
09/12/2021 - 16:42:11: 47 > [16 u/s] VEL: 953.976379, OFFS: 32.195007
09/12/2021 - 16:42:11: 55 > [15 u/s] VEL: 929.686950, OFFS: 35.899993
09/12/2021 - 16:42:11: 3 > [17 u/s] VEL: 978.854553, OFFS: 28.309997
09/12/2021 - 16:42:11: 6 > [14 u/s] VEL: 905.988952, OFFS: 39.424987
09/12/2021 - 16:42:13: [STAND] 
09/12/2021 - 16:42:13: [FORWARD] 
09/12/2021 - 16:42:13: [JDS] 
09/12/2021 - 16:44:38: 48 > [324 u/s] VEL: 945.002929, OFFS: 32.195007
09/12/2021 - 16:44:38: 54 > [350 u/s] VEL: 913.787658, OFFS: 35.899993
09/12/2021 - 16:44:38: 6 > [372 u/s] VEL: 882.303833, OFFS: 39.424987
09/12/2021 - 16:44:38: 3 > [294 u/s] VEL: 975.454528, OFFS: 28.309997
09/12/2021 - 16:44:39: [STAND] 
09/12/2021 - 16:44:39: [BACK] 
09/12/2021 - 16:44:39: [JDS] 
09/12/2021 - 16:47:05: 5 > [232 u/s] VEL: 978.894958, OFFS: 28.309997
09/12/2021 - 16:47:05: 45 > [262 u/s] VEL: 951.530395, OFFS: 32.195007
09/12/2021 - 16:47:05: 55 > [288 u/s] VEL: 923.102905, OFFS: 35.899993
09/12/2021 - 16:47:05: 6 > [310 u/s] VEL: 894.158203, OFFS: 39.424987
09/12/2021 - 16:47:06: [STAND] 
09/12/2021 - 16:47:06: [LEFT] 
09/12/2021 - 16:47:06: [JDS] 
09/12/2021 - 16:49:32: 48 > [309 u/s] VEL: 947.807617, OFFS: 32.195007
09/12/2021 - 16:49:32: 59 > [336 u/s] VEL: 917.451354, OFFS: 35.899993
09/12/2021 - 16:49:32: 2 > [278 u/s] VEL: 977.082580, OFFS: 28.309997
09/12/2021 - 16:49:32: 2 > [359 u/s] VEL: 886.600769, OFFS: 39.424987
09/12/2021 - 16:49:33: [STAND] 
09/12/2021 - 16:49:33: [RIGHT] 
09/12/2021 - 16:49:33: [JDS] 
09/12/2021 - 16:51:59: 7 > [359 u/s] VEL: 886.600769, OFFS: 39.424987
09/12/2021 - 16:51:59: 42 > [336 u/s] VEL: 917.451354, OFFS: 35.899993
09/12/2021 - 16:51:59: 58 > [309 u/s] VEL: 947.807617, OFFS: 32.195007
09/12/2021 - 16:51:59: 4 > [278 u/s] VEL: 977.082580, OFFS: 28.309997
09/12/2021 - 16:52:00: [STAND] 
09/12/2021 - 16:52:00: [FORWARD] 
09/12/2021 - 16:52:00: [LEFT] 
09/12/2021 - 16:52:00: [JDS] 
09/12/2021 - 16:54:26: 60 > [346 u/s] VEL: 914.855651, OFFS: 35.899993
09/12/2021 - 16:54:26: 11 > [368 u/s] VEL: 883.555603, OFFS: 39.424987
09/12/2021 - 16:54:26: 37 > [320 u/s] VEL: 945.821289, OFFS: 32.195007
09/12/2021 - 16:54:26: 3 > [289 u/s] VEL: 975.930358, OFFS: 28.309997
09/12/2021 - 16:54:27: [STAND] 
09/12/2021 - 16:54:27: [FORWARD] 
09/12/2021 - 16:54:27: [RIGHT] 
09/12/2021 - 16:54:27: [JDS] 
09/12/2021 - 16:56:53: 55 > [346 u/s] VEL: 914.855651, OFFS: 35.899993
09/12/2021 - 16:56:53: 52 > [320 u/s] VEL: 945.821289, OFFS: 32.195007
09/12/2021 - 16:56:53: 3 > [368 u/s] VEL: 883.555603, OFFS: 39.424987
09/12/2021 - 16:56:53: 1 > [289 u/s] VEL: 975.930358, OFFS: 28.309997
09/12/2021 - 16:56:54: [STAND] 
09/12/2021 - 16:56:54: [BACK] 
09/12/2021 - 16:56:54: [LEFT] 
09/12/2021 - 16:56:54: [JDS] 
09/12/2021 - 16:59:20: 37 > [298 u/s] VEL: 949.809265, OFFS: 32.195007
09/12/2021 - 16:59:20: 57 > [326 u/s] VEL: 920.072509, OFFS: 35.899993
09/12/2021 - 16:59:20: 10 > [265 u/s] VEL: 978.240356, OFFS: 28.309997
09/12/2021 - 16:59:20: 7 > [350 u/s] VEL: 889.680175, OFFS: 39.424987
09/12/2021 - 16:59:21: [STAND] 
09/12/2021 - 16:59:21: [BACK] 
09/12/2021 - 16:59:21: [RIGHT] 
09/12/2021 - 16:59:21: [JDS] 
09/12/2021 - 17:01:47: 58 > [298 u/s] VEL: 949.809265, OFFS: 32.195007
09/12/2021 - 17:01:47: 44 > [326 u/s] VEL: 920.072509, OFFS: 35.899993
09/12/2021 - 17:01:47: 6 > [350 u/s] VEL: 889.680175, OFFS: 39.424987
09/12/2021 - 17:01:47: 3 > [265 u/s] VEL: 978.240356, OFFS: 28.309997
09/12/2021 - 17:01:49: >JS< 
09/12/2021 - 17:01:49: [STAND] 
09/12/2021 - 17:01:49: [JS] 
09/12/2021 - 17:04:12: 68 > [12 u/s] VEL: 742.178833, OFFS: 15.540008
09/12/2021 - 17:04:12: 39 > [13 u/s] VEL: 762.153015, OFFS: 11.925018
09/12/2021 - 17:04:12: 3 > [15 u/s] VEL: 782.445678, OFFS: 8.130004
09/12/2021 - 17:04:12: 1 > [12 u/s] VEL: 722.572387, OFFS: 18.975006
09/12/2021 - 17:04:14: [STAND] 
09/12/2021 - 17:04:14: [FORWARD] 
09/12/2021 - 17:04:14: [JS] 
09/12/2021 - 17:06:39: 4 > [350 u/s] VEL: 696.524963, OFFS: 18.975006
09/12/2021 - 17:06:39: 71 > [332 u/s] VEL: 723.501953, OFFS: 15.540008
09/12/2021 - 17:06:39: 35 > [312 u/s] VEL: 750.467346, OFFS: 11.925018
09/12/2021 - 17:06:39: 1 > [286 u/s] VEL: 777.097045, OFFS: 8.130004
09/12/2021 - 17:06:40: [STAND] 
09/12/2021 - 17:06:40: [BACK] 
09/12/2021 - 17:06:40: [JS] 
09/12/2021 - 17:09:04: 34 > [255 u/s] VEL: 758.817749, OFFS: 11.925018
09/12/2021 - 17:09:04: 65 > [277 u/s] VEL: 734.157958, OFFS: 15.540008
09/12/2021 - 17:09:04: 9 > [295 u/s] VEL: 709.158935, OFFS: 18.975006
09/12/2021 - 17:09:04: 3 > [230 u/s] VEL: 782.516052, OFFS: 8.130004
09/12/2021 - 17:09:05: [STAND] 
09/12/2021 - 17:09:05: [LEFT] 
09/12/2021 - 17:09:05: [JS] 
09/12/2021 - 17:11:29: 67 > [321 u/s] VEL: 727.612854, OFFS: 15.540008
09/12/2021 - 17:11:29: 39 > [299 u/s] VEL: 753.970092, OFFS: 11.925018
09/12/2021 - 17:11:29: 1 > [339 u/s] VEL: 701.029235, OFFS: 18.975006
09/12/2021 - 17:11:29: 4 > [272 u/s] VEL: 779.582031, OFFS: 8.130004
09/12/2021 - 17:11:30: [STAND] 
09/12/2021 - 17:11:30: [RIGHT] 
09/12/2021 - 17:11:30: [JS] 
09/12/2021 - 17:13:53: 65 > [321 u/s] VEL: 727.612854, OFFS: 15.540008
09/12/2021 - 17:13:53: 1 > [272 u/s] VEL: 779.582031, OFFS: 8.130004
09/12/2021 - 17:13:53: 43 > [299 u/s] VEL: 753.970092, OFFS: 11.925018
09/12/2021 - 17:13:53: 2 > [339 u/s] VEL: 701.029235, OFFS: 18.975006
09/12/2021 - 17:13:55: [STAND] 
09/12/2021 - 17:13:55: [FORWARD] 
09/12/2021 - 17:13:55: [LEFT] 
09/12/2021 - 17:13:55: [JS] 
09/12/2021 - 17:16:18: 67 > [329 u/s] VEL: 724.690673, OFFS: 15.540008
09/12/2021 - 17:16:18: 3 > [282 u/s] VEL: 777.810668, OFFS: 8.130004
09/12/2021 - 17:16:18: 41 > [308 u/s] VEL: 751.477722, OFFS: 11.925018
09/12/2021 - 17:16:19: [STAND] 
09/12/2021 - 17:16:19: [FORWARD] 
09/12/2021 - 17:16:19: [RIGHT] 
09/12/2021 - 17:16:19: [JS] 
09/12/2021 - 17:18:43: 69 > [329 u/s] VEL: 724.690673, OFFS: 15.540008
09/12/2021 - 17:18:43: 38 > [308 u/s] VEL: 751.477722, OFFS: 11.925018
09/12/2021 - 17:18:43: 2 > [282 u/s] VEL: 777.810668, OFFS: 8.130004
09/12/2021 - 17:18:43: 2 > [347 u/s] VEL: 697.828979, OFFS: 18.975006
09/12/2021 - 17:18:44: [STAND] 
09/12/2021 - 17:18:44: [BACK] 
09/12/2021 - 17:18:44: [LEFT] 
09/12/2021 - 17:18:44: [JS] 
09/12/2021 - 17:21:07: 33 > [289 u/s] VEL: 756.545776, OFFS: 11.925018
09/12/2021 - 17:21:07: 69 > [312 u/s] VEL: 730.615722, OFFS: 15.540008
09/12/2021 - 17:21:07: 6 > [261 u/s] VEL: 781.432922, OFFS: 8.130004
09/12/2021 - 17:21:07: 3 > [332 u/s] VEL: 704.308593, OFFS: 18.975006
09/12/2021 - 17:21:09: [STAND] 
09/12/2021 - 17:21:09: [BACK] 
09/12/2021 - 17:21:09: [RIGHT] 
09/12/2021 - 17:21:09: [JS] 
09/12/2021 - 17:23:33: 41 > [289 u/s] VEL: 756.545776, OFFS: 11.925018
09/12/2021 - 17:23:33: 65 > [312 u/s] VEL: 730.615722, OFFS: 15.540008
09/12/2021 - 17:23:33: 3 > [332 u/s] VEL: 704.308593, OFFS: 18.975006
09/12/2021 - 17:23:33: 2 > [261 u/s] VEL: 781.432922, OFFS: 8.130004
